# JRE version: Java(TM) SE Runtime Environment (8.0_131-b11) (build 1.8.0_131-b11)
# Java VM: Java HotSpot(TM) 64-Bit Server VM (25.131-b11 mixed mode windows-amd64 compressed oops)
Heap:
 PSYoungGen      total 71680K, used 57706K [0x00000000d5b00000, 0x00000000db700000, 0x0000000100000000)
  eden space 61952K, 78% used [0x00000000d5b00000,0x00000000d8a84c58,0x00000000d9780000)
  from space 9728K, 92% used [0x00000000da180000,0x00000000daa55c18,0x00000000dab00000)
  to   space 10240K, 0% used [0x00000000d9780000,0x00000000d9780000,0x00000000da180000)
 ParOldGen       total 64512K, used 17714K [0x0000000081000000, 0x0000000084f00000, 0x00000000d5b00000)
  object space 64512K, 27% used [0x0000000081000000,0x000000008214cbe8,0x0000000084f00000)
 Metaspace       used 26096K, capacity 26606K, committed 27136K, reserved 1073152K
  class space    used 3025K, capacity 3211K, committed 3328K, reserved 1048576K
GC Heap History (10 events):
Event: 4.673 GC heap before
{Heap before GC invocations=7 (full 0):
 PSYoungGen      total 40448K, used 24652K [0x00000000d5b00000, 0x00000000d8b80000, 0x0000000100000000)
  eden space 32256K, 51% used [0x00000000d5b00000,0x00000000d6b15f28,0x00000000d7a80000)
  from space 8192K, 99% used [0x00000000d8300000,0x00000000d8afd490,0x00000000d8b00000)
  to   space 8704K, 0% used [0x00000000d7a80000,0x00000000d7a80000,0x00000000d8300000)
 ParOldGen       total 87552K, used 9100K [0x0000000081000000, 0x0000000086580000, 0x00000000d5b00000)
  object space 87552K, 10% used [0x0000000081000000,0x00000000818e3168,0x0000000086580000)
 Metaspace       used 20667K, capacity 21038K, committed 21296K, reserved 1069056K
  class space    used 2448K, capacity 2578K, committed 2688K, reserved 1048576K
Event: 4.679 GC heap after
Heap after GC invocations=7 (full 0):
 PSYoungGen      total 40960K, used 6183K [0x00000000d5b00000, 0x00000000dab00000, 0x0000000100000000)
  eden space 32256K, 0% used [0x00000000d5b00000,0x00000000d5b00000,0x00000000d7a80000)
  from space 8704K, 71% used [0x00000000d7a80000,0x00000000d8089df8,0x00000000d8300000)
  to   space 8704K, 0% used [0x00000000da280000,0x00000000da280000,0x00000000dab00000)
 ParOldGen       total 87552K, used 11674K [0x0000000081000000, 0x0000000086580000, 0x00000000d5b00000)
  object space 87552K, 13% used [0x0000000081000000,0x0000000081b66a08,0x0000000086580000)
 Metaspace       used 20667K, capacity 21038K, committed 21296K, reserved 1069056K
  class space    used 2448K, capacity 2578K, committed 2688K, reserved 1048576K
}
Event: 4.679 GC heap before
{Heap before GC invocations=8 (full 1):
 PSYoungGen      total 40960K, used 6183K [0x00000000d5b00000, 0x00000000dab00000, 0x0000000100000000)
  eden space 32256K, 0% used [0x00000000d5b00000,0x00000000d5b00000,0x00000000d7a80000)
  from space 8704K, 71% used [0x00000000d7a80000,0x00000000d8089df8,0x00000000d8300000)
  to   space 8704K, 0% used [0x00000000da280000,0x00000000da280000,0x00000000dab00000)
 ParOldGen       total 87552K, used 11674K [0x0000000081000000, 0x0000000086580000, 0x00000000d5b00000)
  object space 87552K, 13% used [0x0000000081000000,0x0000000081b66a08,0x0000000086580000)
 Metaspace       used 20667K, capacity 21038K, committed 21296K, reserved 1069056K
  class space    used 2448K, capacity 2578K, committed 2688K, reserved 1048576K
Event: 4.720 GC heap after
Heap after GC invocations=8 (full 1):
 PSYoungGen      total 40960K, used 0K [0x00000000d5b00000, 0x00000000dab00000, 0x0000000100000000)
  eden space 32256K, 0% used [0x00000000d5b00000,0x00000000d5b00000,0x00000000d7a80000)
  from space 8704K, 0% used [0x00000000d7a80000,0x00000000d7a80000,0x00000000d8300000)
  to   space 8704K, 0% used [0x00000000da280000,0x00000000da280000,0x00000000dab00000)
 ParOldGen       total 64512K, used 12290K [0x0000000081000000, 0x0000000084f00000, 0x00000000d5b00000)
  object space 64512K, 19% used [0x0000000081000000,0x0000000081c00ba8,0x0000000084f00000)
 Metaspace       used 20667K, capacity 21038K, committed 21296K, reserved 1069056K
  class space    used 2448K, capacity 2578K, committed 2688K, reserved 1048576K
}
Event: 6.942 GC heap before
{Heap before GC invocations=9 (full 1):
 PSYoungGen      total 40960K, used 32256K [0x00000000d5b00000, 0x00000000dab00000, 0x0000000100000000)
  eden space 32256K, 100% used [0x00000000d5b00000,0x00000000d7a80000,0x00000000d7a80000)
  from space 8704K, 0% used [0x00000000d7a80000,0x00000000d7a80000,0x00000000d8300000)
  to   space 8704K, 0% used [0x00000000da280000,0x00000000da280000,0x00000000dab00000)
 ParOldGen       total 64512K, used 12290K [0x0000000081000000, 0x0000000084f00000, 0x00000000d5b00000)
  object space 64512K, 19% used [0x0000000081000000,0x0000000081c00ba8,0x0000000084f00000)
 Metaspace       used 24286K, capacity 24830K, committed 25088K, reserved 1071104K
  class space    used 2872K, capacity 3045K, committed 3072K, reserved 1048576K
Event: 6.952 GC heap after
Heap after GC invocations=9 (full 1):
 PSYoungGen      total 54272K, used 4608K [0x00000000d5b00000, 0x00000000da780000, 0x0000000100000000)
  eden space 49152K, 0% used [0x00000000d5b00000,0x00000000d5b00000,0x00000000d8b00000)
  from space 5120K, 90% used [0x00000000da280000,0x00000000da700310,0x00000000da780000)
  to   space 9216K, 0% used [0x00000000d9580000,0x00000000d9580000,0x00000000d9e80000)
 ParOldGen       total 64512K, used 12298K [0x0000000081000000, 0x0000000084f00000, 0x00000000d5b00000)
  object space 64512K, 19% used [0x0000000081000000,0x0000000081c02ba8,0x0000000084f00000)
 Metaspace       used 24286K, capacity 24830K, committed 25088K, reserved 1071104K
  class space    used 2872K, capacity 3045K, committed 3072K, reserved 1048576K
}
Event: 18.486 GC heap before
{Heap before GC invocations=10 (full 1):
 PSYoungGen      total 54272K, used 53756K [0x00000000d5b00000, 0x00000000da780000, 0x0000000100000000)
  eden space 49152K, 99% used [0x00000000d5b00000,0x00000000d8aff0c8,0x00000000d8b00000)
  from space 5120K, 90% used [0x00000000da280000,0x00000000da700310,0x00000000da780000)
  to   space 9216K, 0% used [0x00000000d9580000,0x00000000d9580000,0x00000000d9e80000)
 ParOldGen       total 64512K, used 12298K [0x0000000081000000, 0x0000000084f00000, 0x00000000d5b00000)
  object space 64512K, 19% used [0x0000000081000000,0x0000000081c02ba8,0x0000000084f00000)
 Metaspace       used 24361K, capacity 24894K, committed 25088K, reserved 1071104K
  class space    used 2872K, capacity 3045K, committed 3072K, reserved 1048576K
Event: 18.492 GC heap after
Heap after GC invocations=10 (full 1):
 PSYoungGen      total 69120K, used 2444K [0x00000000d5b00000, 0x00000000dab00000, 0x0000000100000000)
  eden space 59904K, 0% used [0x00000000d5b00000,0x00000000d5b00000,0x00000000d9580000)
  from space 9216K, 26% used [0x00000000d9580000,0x00000000d97e3000,0x00000000d9e80000)
  to   space 9728K, 0% used [0x00000000da180000,0x00000000da180000,0x00000000dab00000)
 ParOldGen       total 64512K, used 12306K [0x0000000081000000, 0x0000000084f00000, 0x00000000d5b00000)
  object space 64512K, 19% used [0x0000000081000000,0x0000000081c04ba8,0x0000000084f00000)
 Metaspace       used 24361K, capacity 24894K, committed 25088K, reserved 1071104K
  class space    used 2872K, capacity 3045K, committed 3072K, reserved 1048576K
}
Event: 35.941 GC heap before
{Heap before GC invocations=11 (full 1):
 PSYoungGen      total 69120K, used 62348K [0x00000000d5b00000, 0x00000000dab00000, 0x0000000100000000)
  eden space 59904K, 100% used [0x00000000d5b00000,0x00000000d9580000,0x00000000d9580000)
  from space 9216K, 26% used [0x00000000d9580000,0x00000000d97e3000,0x00000000d9e80000)
  to   space 9728K, 0% used [0x00000000da180000,0x00000000da180000,0x00000000dab00000)
 ParOldGen       total 64512K, used 12306K [0x0000000081000000, 0x0000000084f00000, 0x00000000d5b00000)
  object space 64512K, 19% used [0x0000000081000000,0x0000000081c04ba8,0x0000000084f00000)
 Metaspace       used 26088K, capacity 26606K, committed 27136K, reserved 1073152K
  class space    used 3025K, capacity 3211K, committed 3328K, reserved 1048576K
Event: 35.946 GC heap after
Heap after GC invocations=11 (full 1):
 PSYoungGen      total 71680K, used 9047K [0x00000000d5b00000, 0x00000000db700000, 0x0000000100000000)
  eden space 61952K, 0% used [0x00000000d5b00000,0x00000000d5b00000,0x00000000d9780000)
  from space 9728K, 92% used [0x00000000da180000,0x00000000daa55c18,0x00000000dab00000)
  to   space 10240K, 0% used [0x00000000d9780000,0x00000000d9780000,0x00000000da180000)
 ParOldGen       total 64512K, used 17714K [0x0000000081000000, 0x0000000084f00000, 0x00000000d5b00000)
  object space 64512K, 27% used [0x0000000081000000,0x000000008214cbe8,0x0000000084f00000)
 Metaspace       used 26088K, capacity 26606K, committed 27136K, reserved 1073152K
  class space    used 3025K, capacity 3211K, committed 3328K, reserved 1048576K
}

