# JRE version: Java(TM) SE Runtime Environment (8.0_131-b11) (build 1.8.0_131-b11)
# Java VM: Java HotSpot(TM) 64-Bit Server VM (25.131-b11 mixed mode windows-amd64 compressed oops)
Heap:
 PSYoungGen      total 36352K, used 32924K [0x00000000d5c00000, 0x00000000d8580000, 0x0000000100000000)
  eden space 31232K, 93% used [0x00000000d5c00000,0x00000000d78a1f60,0x00000000d7a80000)
  from space 5120K, 70% used [0x00000000d8080000,0x00000000d8405468,0x00000000d8580000)
  to   space 5632K, 0% used [0x00000000d7a80000,0x00000000d7a80000,0x00000000d8000000)
 ParOldGen       total 87552K, used 12202K [0x0000000081400000, 0x0000000086980000, 0x00000000d5c00000)
  object space 87552K, 13% used [0x0000000081400000,0x0000000081fea900,0x0000000086980000)
 Metaspace       used 14874K, capacity 15098K, committed 15360K, reserved 1062912K
  class space    used 1679K, capacity 1779K, committed 1792K, reserved 1048576K
GC Heap History (10 events):
Event: 10.758 GC heap before
{Heap before GC invocations=4 (full 0):
 PSYoungGen      total 38400K, used 38374K [0x00000000d5c00000, 0x00000000d8680000, 0x0000000100000000)
  eden space 33280K, 99% used [0x00000000d5c00000,0x00000000d7c7c4e0,0x00000000d7c80000)
  from space 5120K, 99% used [0x00000000d7c80000,0x00000000d817d348,0x00000000d8180000)
  to   space 5120K, 0% used [0x00000000d8180000,0x00000000d8180000,0x00000000d8680000)
 ParOldGen       total 87552K, used 149K [0x0000000081400000, 0x0000000086980000, 0x00000000d5c00000)
  object space 87552K, 0% used [0x0000000081400000,0x0000000081425438,0x0000000086980000)
 Metaspace       used 12876K, capacity 13162K, committed 13440K, reserved 1060864K
  class space    used 1498K, capacity 1581K, committed 1664K, reserved 1048576K
Event: 10.773 GC heap after
Heap after GC invocations=4 (full 0):
 PSYoungGen      total 38400K, used 4824K [0x00000000d5c00000, 0x00000000d8680000, 0x0000000100000000)
  eden space 33280K, 0% used [0x00000000d5c00000,0x00000000d5c00000,0x00000000d7c80000)
  from space 5120K, 94% used [0x00000000d8180000,0x00000000d8636168,0x00000000d8680000)
  to   space 5120K, 0% used [0x00000000d7c80000,0x00000000d7c80000,0x00000000d8180000)
 ParOldGen       total 87552K, used 157K [0x0000000081400000, 0x0000000086980000, 0x00000000d5c00000)
  object space 87552K, 0% used [0x0000000081400000,0x0000000081427438,0x0000000086980000)
 Metaspace       used 12876K, capacity 13162K, committed 13440K, reserved 1060864K
  class space    used 1498K, capacity 1581K, committed 1664K, reserved 1048576K
}
Event: 68.775 GC heap before
{Heap before GC invocations=5 (full 0):
 PSYoungGen      total 38400K, used 38095K [0x00000000d5c00000, 0x00000000d8680000, 0x0000000100000000)
  eden space 33280K, 99% used [0x00000000d5c00000,0x00000000d7c7dc70,0x00000000d7c80000)
  from space 5120K, 94% used [0x00000000d8180000,0x00000000d8636168,0x00000000d8680000)
  to   space 5120K, 0% used [0x00000000d7c80000,0x00000000d7c80000,0x00000000d8180000)
 ParOldGen       total 87552K, used 157K [0x0000000081400000, 0x0000000086980000, 0x00000000d5c00000)
  object space 87552K, 0% used [0x0000000081400000,0x0000000081427438,0x0000000086980000)
 Metaspace       used 12960K, capacity 13226K, committed 13440K, reserved 1060864K
  class space    used 1498K, capacity 1581K, committed 1664K, reserved 1048576K
Event: 68.788 GC heap after
Heap after GC invocations=5 (full 0):
 PSYoungGen      total 37888K, used 4237K [0x00000000d5c00000, 0x00000000d8700000, 0x0000000100000000)
  eden space 32768K, 0% used [0x00000000d5c00000,0x00000000d5c00000,0x00000000d7c00000)
  from space 5120K, 82% used [0x00000000d7c80000,0x00000000d80a35a8,0x00000000d8180000)
  to   space 5632K, 0% used [0x00000000d8180000,0x00000000d8180000,0x00000000d8700000)
 ParOldGen       total 87552K, used 165K [0x0000000081400000, 0x0000000086980000, 0x00000000d5c00000)
  object space 87552K, 0% used [0x0000000081400000,0x0000000081429438,0x0000000086980000)
 Metaspace       used 12960K, capacity 13226K, committed 13440K, reserved 1060864K
  class space    used 1498K, capacity 1581K, committed 1664K, reserved 1048576K
}
Event: 119.457 GC heap before
{Heap before GC invocations=6 (full 0):
 PSYoungGen      total 37888K, used 37005K [0x00000000d5c00000, 0x00000000d8700000, 0x0000000100000000)
  eden space 32768K, 100% used [0x00000000d5c00000,0x00000000d7c00000,0x00000000d7c00000)
  from space 5120K, 82% used [0x00000000d7c80000,0x00000000d80a35a8,0x00000000d8180000)
  to   space 5632K, 0% used [0x00000000d8180000,0x00000000d8180000,0x00000000d8700000)
 ParOldGen       total 87552K, used 165K [0x0000000081400000, 0x0000000086980000, 0x00000000d5c00000)
  object space 87552K, 0% used [0x0000000081400000,0x0000000081429438,0x0000000086980000)
 Metaspace       used 12961K, capacity 13226K, committed 13440K, reserved 1060864K
  class space    used 1498K, capacity 1581K, committed 1664K, reserved 1048576K
Event: 119.510 GC heap after
Heap after GC invocations=6 (full 0):
 PSYoungGen      total 37376K, used 4111K [0x00000000d5c00000, 0x00000000d8680000, 0x0000000100000000)
  eden space 32256K, 0% used [0x00000000d5c00000,0x00000000d5c00000,0x00000000d7b80000)
  from space 5120K, 80% used [0x00000000d8180000,0x00000000d8583cc0,0x00000000d8680000)
  to   space 5632K, 0% used [0x00000000d7b80000,0x00000000d7b80000,0x00000000d8100000)
 ParOldGen       total 87552K, used 173K [0x0000000081400000, 0x0000000086980000, 0x00000000d5c00000)
  object space 87552K, 0% used [0x0000000081400000,0x000000008142b438,0x0000000086980000)
 Metaspace       used 12961K, capacity 13226K, committed 13440K, reserved 1060864K
  class space    used 1498K, capacity 1581K, committed 1664K, reserved 1048576K
}
Event: 187.157 GC heap before
{Heap before GC invocations=7 (full 0):
 PSYoungGen      total 37376K, used 34915K [0x00000000d5c00000, 0x00000000d8680000, 0x0000000100000000)
  eden space 32256K, 95% used [0x00000000d5c00000,0x00000000d7a15118,0x00000000d7b80000)
  from space 5120K, 80% used [0x00000000d8180000,0x00000000d8583cc0,0x00000000d8680000)
  to   space 5632K, 0% used [0x00000000d7b80000,0x00000000d7b80000,0x00000000d8100000)
 ParOldGen       total 87552K, used 173K [0x0000000081400000, 0x0000000086980000, 0x00000000d5c00000)
  object space 87552K, 0% used [0x0000000081400000,0x000000008142b438,0x0000000086980000)
 Metaspace       used 14863K, capacity 15098K, committed 15360K, reserved 1062912K
  class space    used 1679K, capacity 1779K, committed 1792K, reserved 1048576K
Event: 187.177 GC heap after
Heap after GC invocations=7 (full 0):
 PSYoungGen      total 36864K, used 4710K [0x00000000d5c00000, 0x00000000d8600000, 0x0000000100000000)
  eden space 31744K, 0% used [0x00000000d5c00000,0x00000000d5c00000,0x00000000d7b00000)
  from space 5120K, 92% used [0x00000000d7b80000,0x00000000d8019b18,0x00000000d8080000)
  to   space 5632K, 0% used [0x00000000d8080000,0x00000000d8080000,0x00000000d8600000)
 ParOldGen       total 87552K, used 3640K [0x0000000081400000, 0x0000000086980000, 0x00000000d5c00000)
  object space 87552K, 4% used [0x0000000081400000,0x000000008178e098,0x0000000086980000)
 Metaspace       used 14863K, capacity 15098K, committed 15360K, reserved 1062912K
  class space    used 1679K, capacity 1779K, committed 1792K, reserved 1048576K
}
Event: 190.964 GC heap before
{Heap before GC invocations=8 (full 0):
 PSYoungGen      total 36864K, used 36454K [0x00000000d5c00000, 0x00000000d8600000, 0x0000000100000000)
  eden space 31744K, 100% used [0x00000000d5c00000,0x00000000d7b00000,0x00000000d7b00000)
  from space 5120K, 92% used [0x00000000d7b80000,0x00000000d8019b18,0x00000000d8080000)
  to   space 5632K, 0% used [0x00000000d8080000,0x00000000d8080000,0x00000000d8600000)
 ParOldGen       total 87552K, used 3640K [0x0000000081400000, 0x0000000086980000, 0x00000000d5c00000)
  object space 87552K, 4% used [0x0000000081400000,0x000000008178e098,0x0000000086980000)
 Metaspace       used 14868K, capacity 15098K, committed 15360K, reserved 1062912K
  class space    used 1679K, capacity 1779K, committed 1792K, reserved 1048576K
Event: 190.975 GC heap after
Heap after GC invocations=8 (full 0):
 PSYoungGen      total 36352K, used 3605K [0x00000000d5c00000, 0x00000000d8580000, 0x0000000100000000)
  eden space 31232K, 0% used [0x00000000d5c00000,0x00000000d5c00000,0x00000000d7a80000)
  from space 5120K, 70% used [0x00000000d8080000,0x00000000d8405468,0x00000000d8580000)
  to   space 5632K, 0% used [0x00000000d7a80000,0x00000000d7a80000,0x00000000d8000000)
 ParOldGen       total 87552K, used 12202K [0x0000000081400000, 0x0000000086980000, 0x00000000d5c00000)
  object space 87552K, 13% used [0x0000000081400000,0x0000000081fea900,0x0000000086980000)
 Metaspace       used 14868K, capacity 15098K, committed 15360K, reserved 1062912K
  class space    used 1679K, capacity 1779K, committed 1792K, reserved 1048576K
}

